0 info it worked if it ends with ok
1 verbose cli [ '/usr/local/bin/node', '/usr/local/bin/npm', 'start' ]
2 info using npm@1.4.28
3 info using node@v0.10.34
<<<<<<< HEAD
4 error Failed to parse json
4 error Unexpected token <
5 error File: /var/www/Y2G/package.json
6 error Failed to parse package.json data.
6 error package.json must be actual JSON, not just JavaScript.
6 error
6 error This is not a bug in npm.
6 error Tell the package author to fix their package.json file. JSON.parse
7 error System Linux 3.13.0-37-generic
8 error command "/usr/local/bin/node" "/usr/local/bin/npm" "start"
9 error cwd /var/www/Y2G
10 error node -v v0.10.34
11 error npm -v 1.4.28
12 error file /var/www/Y2G/package.json
13 error code EJSONPARSE
14 verbose exit [ 1, true ]
=======
4 verbose run-script [ 'prestart', 'start', 'poststart' ]
5 info prestart y2g@1.0.0
6 info start y2g@1.0.0
7 verbose unsafe-perm in lifecycle true
8 info y2g@1.0.0 Failed to exec start script
9 error y2g@1.0.0 start: `node ./bin/www`
9 error Exit status 8
10 error Failed at the y2g@1.0.0 start script.
10 error This is most likely a problem with the y2g package,
10 error not with npm itself.
10 error Tell the author that this fails on your system:
10 error     node ./bin/www
10 error You can get their info via:
10 error     npm owner ls y2g
10 error There is likely additional logging output above.
11 error System Linux 3.13.0-37-generic
12 error command "/usr/local/bin/node" "/usr/local/bin/npm" "start"
13 error cwd /var/www/Y2G
14 error node -v v0.10.34
15 error npm -v 1.4.28
16 error code ELIFECYCLE
17 verbose exit [ 1, true ]
>>>>>>> 3c7dcce2b593b1ea83ddcb2a729cd422ff9478f7
